mode: set
github.com/dubbersthehoser/mayble/internal/config/config.go:30.46,33.2 2 1
github.com/dubbersthehoser/mayble/internal/config/config.go:36.44,39.2 2 1
github.com/dubbersthehoser/mayble/internal/config/config.go:44.59,45.14 1 1
github.com/dubbersthehoser/mayble/internal/config/config.go:45.14,47.3 1 0
github.com/dubbersthehoser/mayble/internal/config/config.go:48.2,48.21 1 1
github.com/dubbersthehoser/mayble/internal/config/config.go:48.21,50.3 1 0
github.com/dubbersthehoser/mayble/internal/config/config.go:51.2,53.17 3 1
github.com/dubbersthehoser/mayble/internal/config/config.go:57.47,58.21 1 1
github.com/dubbersthehoser/mayble/internal/config/config.go:58.21,60.3 1 1
github.com/dubbersthehoser/mayble/internal/config/config.go:61.2,62.9 2 1
github.com/dubbersthehoser/mayble/internal/config/config.go:62.9,67.3 2 1
github.com/dubbersthehoser/mayble/internal/config/config.go:68.2,68.11 1 1
github.com/dubbersthehoser/mayble/internal/config/config.go:72.31,76.16 3 1
github.com/dubbersthehoser/mayble/internal/config/config.go:76.16,78.3 1 0
github.com/dubbersthehoser/mayble/internal/config/config.go:80.2,83.12 4 1
github.com/dubbersthehoser/mayble/internal/config/config.go:86.42,89.2 2 1
github.com/dubbersthehoser/mayble/internal/config/config.go:93.47,98.36 3 1
github.com/dubbersthehoser/mayble/internal/config/config.go:98.36,103.3 1 1
github.com/dubbersthehoser/mayble/internal/config/config.go:104.2,104.16 1 1
github.com/dubbersthehoser/mayble/internal/config/config.go:104.16,106.3 1 0
github.com/dubbersthehoser/mayble/internal/config/config.go:107.2,114.16 5 1
github.com/dubbersthehoser/mayble/internal/config/config.go:114.16,116.3 1 0
github.com/dubbersthehoser/mayble/internal/config/config.go:117.2,117.17 1 1
github.com/dubbersthehoser/mayble/internal/config/sys.go:13.40,15.16 2 1
github.com/dubbersthehoser/mayble/internal/config/sys.go:15.16,17.3 1 0
github.com/dubbersthehoser/mayble/internal/config/sys.go:18.2,18.25 1 1
github.com/dubbersthehoser/mayble/internal/config/sys.go:24.38,26.16 2 1
github.com/dubbersthehoser/mayble/internal/config/sys.go:26.16,28.3 1 0
github.com/dubbersthehoser/mayble/internal/config/sys.go:29.2,29.23 1 1
github.com/dubbersthehoser/mayble/internal/config/sys.go:36.51,39.14 3 1
github.com/dubbersthehoser/mayble/internal/config/sys.go:39.14,42.17 3 1
github.com/dubbersthehoser/mayble/internal/config/sys.go:42.17,44.4 1 1
github.com/dubbersthehoser/mayble/internal/config/sys.go:46.2,46.12 1 1
github.com/dubbersthehoser/mayble/internal/config/sys.go:46.12,49.17 3 1
github.com/dubbersthehoser/mayble/internal/config/sys.go:49.17,51.4 1 0
github.com/dubbersthehoser/mayble/internal/config/sys.go:54.2,54.14 1 1
github.com/dubbersthehoser/mayble/internal/config/sys.go:54.14,57.3 2 1
github.com/dubbersthehoser/mayble/internal/config/sys.go:58.2,58.12 1 0
github.com/dubbersthehoser/mayble/internal/config/sys.go:58.12,61.3 2 0
github.com/dubbersthehoser/mayble/internal/config/sys.go:62.2,62.18 1 0
github.com/dubbersthehoser/mayble/internal/config/sys.go:68.52,70.16 2 1
github.com/dubbersthehoser/mayble/internal/config/sys.go:70.16,72.3 1 0
github.com/dubbersthehoser/mayble/internal/config/sys.go:73.2,73.12 1 1
github.com/dubbersthehoser/mayble/internal/config/sys.go:73.12,75.17 2 1
github.com/dubbersthehoser/mayble/internal/config/sys.go:75.17,77.4 1 0
github.com/dubbersthehoser/mayble/internal/config/sys.go:79.2,79.18 1 1
